<?xml version="1.0" encoding="UTF-8"?>
<testsuite xmlns:xsi="http://www.w3.org/2001/XMLSchema-instance" xsi:noNamespaceSchemaLocation="https://maven.apache.org/surefire/maven-surefire-plugin/xsd/surefire-test-report.xsd" name="br.com.wiremock.teste.TesteWiremockTodosVerbos" time="4.014" tests="7" errors="6" skipped="0" failures="0">
  <properties>
    <property name="java.specification.version" value="14"/>
    <property name="sun.cpu.isalist" value="amd64"/>
    <property name="sun.jnu.encoding" value="Cp1252"/>
    <property name="java.class.path" value="C:\Users\Bruno Carvalho\eclipse-workspace\wiremock\target\test-classes;C:\Users\Bruno Carvalho\eclipse-workspace\wiremock\target\classes;C:\Users\Bruno Carvalho\.m2\repository\com\github\tomakehurst\wiremock-jre8\2.27.2\wiremock-jre8-2.27.2.jar;C:\Users\Bruno Carvalho\.m2\repository\org\eclipse\jetty\jetty-server\9.4.30.v20200611\jetty-server-9.4.30.v20200611.jar;C:\Users\Bruno Carvalho\.m2\repository\javax\servlet\javax.servlet-api\3.1.0\javax.servlet-api-3.1.0.jar;C:\Users\Bruno Carvalho\.m2\repository\org\eclipse\jetty\jetty-http\9.4.30.v20200611\jetty-http-9.4.30.v20200611.jar;C:\Users\Bruno Carvalho\.m2\repository\org\eclipse\jetty\jetty-io\9.4.30.v20200611\jetty-io-9.4.30.v20200611.jar;C:\Users\Bruno Carvalho\.m2\repository\org\eclipse\jetty\jetty-servlet\9.4.30.v20200611\jetty-servlet-9.4.30.v20200611.jar;C:\Users\Bruno Carvalho\.m2\repository\org\eclipse\jetty\jetty-security\9.4.30.v20200611\jetty-security-9.4.30.v20200611.jar;C:\Users\Bruno Carvalho\.m2\repository\org\eclipse\jetty\jetty-servlets\9.4.30.v20200611\jetty-servlets-9.4.30.v20200611.jar;C:\Users\Bruno Carvalho\.m2\repository\org\eclipse\jetty\jetty-continuation\9.4.30.v20200611\jetty-continuation-9.4.30.v20200611.jar;C:\Users\Bruno Carvalho\.m2\repository\org\eclipse\jetty\jetty-util\9.4.30.v20200611\jetty-util-9.4.30.v20200611.jar;C:\Users\Bruno Carvalho\.m2\repository\org\eclipse\jetty\jetty-webapp\9.4.30.v20200611\jetty-webapp-9.4.30.v20200611.jar;C:\Users\Bruno Carvalho\.m2\repository\org\eclipse\jetty\jetty-xml\9.4.30.v20200611\jetty-xml-9.4.30.v20200611.jar;C:\Users\Bruno Carvalho\.m2\repository\org\eclipse\jetty\jetty-proxy\9.4.30.v20200611\jetty-proxy-9.4.30.v20200611.jar;C:\Users\Bruno Carvalho\.m2\repository\org\eclipse\jetty\jetty-client\9.4.30.v20200611\jetty-client-9.4.30.v20200611.jar;C:\Users\Bruno Carvalho\.m2\repository\com\google\guava\guava\29.0-jre\guava-29.0-jre.jar;C:\Users\Bruno Carvalho\.m2\repository\com\google\guava\failureaccess\1.0.1\failureaccess-1.0.1.jar;C:\Users\Bruno Carvalho\.m2\repository\com\google\guava\listenablefuture\9999.0-empty-to-avoid-conflict-with-guava\listenablefuture-9999.0-empty-to-avoid-conflict-with-guava.jar;C:\Users\Bruno Carvalho\.m2\repository\com\google\code\findbugs\jsr305\3.0.2\jsr305-3.0.2.jar;C:\Users\Bruno Carvalho\.m2\repository\org\checkerframework\checker-qual\2.11.1\checker-qual-2.11.1.jar;C:\Users\Bruno Carvalho\.m2\repository\com\google\errorprone\error_prone_annotations\2.3.4\error_prone_annotations-2.3.4.jar;C:\Users\Bruno Carvalho\.m2\repository\com\google\j2objc\j2objc-annotations\1.3\j2objc-annotations-1.3.jar;C:\Users\Bruno Carvalho\.m2\repository\com\fasterxml\jackson\core\jackson-core\2.11.0\jackson-core-2.11.0.jar;C:\Users\Bruno Carvalho\.m2\repository\com\fasterxml\jackson\core\jackson-annotations\2.11.0\jackson-annotations-2.11.0.jar;C:\Users\Bruno Carvalho\.m2\repository\com\fasterxml\jackson\core\jackson-databind\2.11.0\jackson-databind-2.11.0.jar;C:\Users\Bruno Carvalho\.m2\repository\org\apache\httpcomponents\httpclient\4.5.12\httpclient-4.5.12.jar;C:\Users\Bruno Carvalho\.m2\repository\org\apache\httpcomponents\httpcore\4.4.13\httpcore-4.4.13.jar;C:\Users\Bruno Carvalho\.m2\repository\commons-logging\commons-logging\1.2\commons-logging-1.2.jar;C:\Users\Bruno Carvalho\.m2\repository\org\xmlunit\xmlunit-core\2.7.0\xmlunit-core-2.7.0.jar;C:\Users\Bruno Carvalho\.m2\repository\javax\xml\bind\jaxb-api\2.3.0\jaxb-api-2.3.0.jar;C:\Users\Bruno Carvalho\.m2\repository\org\xmlunit\xmlunit-legacy\2.7.0\xmlunit-legacy-2.7.0.jar;C:\Users\Bruno Carvalho\.m2\repository\org\xmlunit\xmlunit-placeholders\2.7.0\xmlunit-placeholders-2.7.0.jar;C:\Users\Bruno Carvalho\.m2\repository\com\jayway\jsonpath\json-path\2.4.0\json-path-2.4.0.jar;C:\Users\Bruno Carvalho\.m2\repository\net\minidev\json-smart\2.3\json-smart-2.3.jar;C:\Users\Bruno Carvalho\.m2\repository\net\minidev\accessors-smart\1.2\accessors-smart-1.2.jar;C:\Users\Bruno Carvalho\.m2\repository\org\ow2\asm\asm\7.0\asm-7.0.jar;C:\Users\Bruno Carvalho\.m2\repository\org\slf4j\slf4j-api\1.7.12\slf4j-api-1.7.12.jar;C:\Users\Bruno Carvalho\.m2\repository\net\sf\jopt-simple\jopt-simple\5.0.3\jopt-simple-5.0.3.jar;C:\Users\Bruno Carvalho\.m2\repository\org\apache\commons\commons-lang3\3.7\commons-lang3-3.7.jar;C:\Users\Bruno Carvalho\.m2\repository\com\github\jknack\handlebars\4.2.0\handlebars-4.2.0.jar;C:\Users\Bruno Carvalho\.m2\repository\com\github\jknack\handlebars-helpers\4.2.0\handlebars-helpers-4.2.0.jar;C:\Users\Bruno Carvalho\.m2\repository\com\flipkart\zjsonpatch\zjsonpatch\0.4.4\zjsonpatch-0.4.4.jar;C:\Users\Bruno Carvalho\.m2\repository\commons-fileupload\commons-fileupload\1.4\commons-fileupload-1.4.jar;C:\Users\Bruno Carvalho\.m2\repository\commons-io\commons-io\2.2\commons-io-2.2.jar;C:\Users\Bruno Carvalho\.m2\repository\org\eclipse\jetty\http2\http2-server\9.4.30.v20200611\http2-server-9.4.30.v20200611.jar;C:\Users\Bruno Carvalho\.m2\repository\org\eclipse\jetty\http2\http2-common\9.4.30.v20200611\http2-common-9.4.30.v20200611.jar;C:\Users\Bruno Carvalho\.m2\repository\org\eclipse\jetty\http2\http2-hpack\9.4.30.v20200611\http2-hpack-9.4.30.v20200611.jar;C:\Users\Bruno Carvalho\.m2\repository\org\eclipse\jetty\jetty-alpn-server\9.4.30.v20200611\jetty-alpn-server-9.4.30.v20200611.jar;C:\Users\Bruno Carvalho\.m2\repository\org\eclipse\jetty\jetty-alpn-conscrypt-server\9.4.30.v20200611\jetty-alpn-conscrypt-server-9.4.30.v20200611.jar;C:\Users\Bruno Carvalho\.m2\repository\org\eclipse\jetty\jetty-alpn-conscrypt-client\9.4.30.v20200611\jetty-alpn-conscrypt-client-9.4.30.v20200611.jar;C:\Users\Bruno Carvalho\.m2\repository\org\eclipse\jetty\jetty-alpn-client\9.4.30.v20200611\jetty-alpn-client-9.4.30.v20200611.jar;C:\Users\Bruno Carvalho\.m2\repository\org\conscrypt\conscrypt-openjdk-uber\2.2.1\conscrypt-openjdk-uber-2.2.1.jar;C:\Users\Bruno Carvalho\.m2\repository\net\javacrumbs\json-unit\json-unit-core\2.12.0\json-unit-core-2.12.0.jar;C:\Users\Bruno Carvalho\.m2\repository\org\opentest4j\opentest4j\1.1.1\opentest4j-1.1.1.jar;C:\Users\Bruno Carvalho\.m2\repository\commons-codec\commons-codec\1.15\commons-codec-1.15.jar;C:\Users\Bruno Carvalho\.m2\repository\junit\junit\4.13.1\junit-4.13.1.jar;C:\Users\Bruno Carvalho\.m2\repository\org\hamcrest\hamcrest-core\1.3\hamcrest-core-1.3.jar;C:\Users\Bruno Carvalho\.m2\repository\io\rest-assured\rest-assured\4.3.1\rest-assured-4.3.1.jar;C:\Users\Bruno Carvalho\.m2\repository\org\codehaus\groovy\groovy\3.0.3\groovy-3.0.3.jar;C:\Users\Bruno Carvalho\.m2\repository\org\codehaus\groovy\groovy-xml\3.0.3\groovy-xml-3.0.3.jar;C:\Users\Bruno Carvalho\.m2\repository\org\apache\httpcomponents\httpmime\4.5.3\httpmime-4.5.3.jar;C:\Users\Bruno Carvalho\.m2\repository\org\hamcrest\hamcrest\2.1\hamcrest-2.1.jar;C:\Users\Bruno Carvalho\.m2\repository\org\ccil\cowan\tagsoup\tagsoup\1.2.1\tagsoup-1.2.1.jar;C:\Users\Bruno Carvalho\.m2\repository\io\rest-assured\json-path\4.3.1\json-path-4.3.1.jar;C:\Users\Bruno Carvalho\.m2\repository\org\codehaus\groovy\groovy-json\3.0.3\groovy-json-3.0.3.jar;C:\Users\Bruno Carvalho\.m2\repository\io\rest-assured\rest-assured-common\4.3.1\rest-assured-common-4.3.1.jar;C:\Users\Bruno Carvalho\.m2\repository\io\rest-assured\xml-path\4.3.1\xml-path-4.3.1.jar;C:\Users\Bruno Carvalho\.m2\repository\jakarta\xml\bind\jakarta.xml.bind-api\2.3.3\jakarta.xml.bind-api-2.3.3.jar;C:\Users\Bruno Carvalho\.m2\repository\jakarta\activation\jakarta.activation-api\1.2.2\jakarta.activation-api-1.2.2.jar;C:\Users\Bruno Carvalho\.m2\repository\com\sun\xml\bind\jaxb-impl\2.3.3\jaxb-impl-2.3.3.jar;"/>
    <property name="java.vm.vendor" value="Oracle Corporation"/>
    <property name="sun.arch.data.model" value="64"/>
    <property name="user.variant" value=""/>
    <property name="java.vendor.url" value="https://java.oracle.com/"/>
    <property name="user.timezone" value="America/Sao_Paulo"/>
    <property name="os.name" value="Windows 10"/>
    <property name="java.vm.specification.version" value="14"/>
    <property name="sun.java.launcher" value="SUN_STANDARD"/>
    <property name="user.country" value="BR"/>
    <property name="sun.boot.library.path" value="C:\Program Files\Java\jdk-14.0.1\bin"/>
    <property name="sun.java.command" value="C:\Users\BRUNOC~1\AppData\Local\Temp\surefire504216878043554741\surefirebooter5616173447244515197.jar C:\Users\Bruno Carvalho\AppData\Local\Temp\surefire504216878043554741 2020-12-02T21-41-32_590-jvmRun1 surefire17789782603552826461tmp surefire_06600445154034982122tmp"/>
    <property name="jdk.debug" value="release"/>
    <property name="surefire.test.class.path" value="C:\Users\Bruno Carvalho\eclipse-workspace\wiremock\target\test-classes;C:\Users\Bruno Carvalho\eclipse-workspace\wiremock\target\classes;C:\Users\Bruno Carvalho\.m2\repository\com\github\tomakehurst\wiremock-jre8\2.27.2\wiremock-jre8-2.27.2.jar;C:\Users\Bruno Carvalho\.m2\repository\org\eclipse\jetty\jetty-server\9.4.30.v20200611\jetty-server-9.4.30.v20200611.jar;C:\Users\Bruno Carvalho\.m2\repository\javax\servlet\javax.servlet-api\3.1.0\javax.servlet-api-3.1.0.jar;C:\Users\Bruno Carvalho\.m2\repository\org\eclipse\jetty\jetty-http\9.4.30.v20200611\jetty-http-9.4.30.v20200611.jar;C:\Users\Bruno Carvalho\.m2\repository\org\eclipse\jetty\jetty-io\9.4.30.v20200611\jetty-io-9.4.30.v20200611.jar;C:\Users\Bruno Carvalho\.m2\repository\org\eclipse\jetty\jetty-servlet\9.4.30.v20200611\jetty-servlet-9.4.30.v20200611.jar;C:\Users\Bruno Carvalho\.m2\repository\org\eclipse\jetty\jetty-security\9.4.30.v20200611\jetty-security-9.4.30.v20200611.jar;C:\Users\Bruno Carvalho\.m2\repository\org\eclipse\jetty\jetty-servlets\9.4.30.v20200611\jetty-servlets-9.4.30.v20200611.jar;C:\Users\Bruno Carvalho\.m2\repository\org\eclipse\jetty\jetty-continuation\9.4.30.v20200611\jetty-continuation-9.4.30.v20200611.jar;C:\Users\Bruno Carvalho\.m2\repository\org\eclipse\jetty\jetty-util\9.4.30.v20200611\jetty-util-9.4.30.v20200611.jar;C:\Users\Bruno Carvalho\.m2\repository\org\eclipse\jetty\jetty-webapp\9.4.30.v20200611\jetty-webapp-9.4.30.v20200611.jar;C:\Users\Bruno Carvalho\.m2\repository\org\eclipse\jetty\jetty-xml\9.4.30.v20200611\jetty-xml-9.4.30.v20200611.jar;C:\Users\Bruno Carvalho\.m2\repository\org\eclipse\jetty\jetty-proxy\9.4.30.v20200611\jetty-proxy-9.4.30.v20200611.jar;C:\Users\Bruno Carvalho\.m2\repository\org\eclipse\jetty\jetty-client\9.4.30.v20200611\jetty-client-9.4.30.v20200611.jar;C:\Users\Bruno Carvalho\.m2\repository\com\google\guava\guava\29.0-jre\guava-29.0-jre.jar;C:\Users\Bruno Carvalho\.m2\repository\com\google\guava\failureaccess\1.0.1\failureaccess-1.0.1.jar;C:\Users\Bruno Carvalho\.m2\repository\com\google\guava\listenablefuture\9999.0-empty-to-avoid-conflict-with-guava\listenablefuture-9999.0-empty-to-avoid-conflict-with-guava.jar;C:\Users\Bruno Carvalho\.m2\repository\com\google\code\findbugs\jsr305\3.0.2\jsr305-3.0.2.jar;C:\Users\Bruno Carvalho\.m2\repository\org\checkerframework\checker-qual\2.11.1\checker-qual-2.11.1.jar;C:\Users\Bruno Carvalho\.m2\repository\com\google\errorprone\error_prone_annotations\2.3.4\error_prone_annotations-2.3.4.jar;C:\Users\Bruno Carvalho\.m2\repository\com\google\j2objc\j2objc-annotations\1.3\j2objc-annotations-1.3.jar;C:\Users\Bruno Carvalho\.m2\repository\com\fasterxml\jackson\core\jackson-core\2.11.0\jackson-core-2.11.0.jar;C:\Users\Bruno Carvalho\.m2\repository\com\fasterxml\jackson\core\jackson-annotations\2.11.0\jackson-annotations-2.11.0.jar;C:\Users\Bruno Carvalho\.m2\repository\com\fasterxml\jackson\core\jackson-databind\2.11.0\jackson-databind-2.11.0.jar;C:\Users\Bruno Carvalho\.m2\repository\org\apache\httpcomponents\httpclient\4.5.12\httpclient-4.5.12.jar;C:\Users\Bruno Carvalho\.m2\repository\org\apache\httpcomponents\httpcore\4.4.13\httpcore-4.4.13.jar;C:\Users\Bruno Carvalho\.m2\repository\commons-logging\commons-logging\1.2\commons-logging-1.2.jar;C:\Users\Bruno Carvalho\.m2\repository\org\xmlunit\xmlunit-core\2.7.0\xmlunit-core-2.7.0.jar;C:\Users\Bruno Carvalho\.m2\repository\javax\xml\bind\jaxb-api\2.3.0\jaxb-api-2.3.0.jar;C:\Users\Bruno Carvalho\.m2\repository\org\xmlunit\xmlunit-legacy\2.7.0\xmlunit-legacy-2.7.0.jar;C:\Users\Bruno Carvalho\.m2\repository\org\xmlunit\xmlunit-placeholders\2.7.0\xmlunit-placeholders-2.7.0.jar;C:\Users\Bruno Carvalho\.m2\repository\com\jayway\jsonpath\json-path\2.4.0\json-path-2.4.0.jar;C:\Users\Bruno Carvalho\.m2\repository\net\minidev\json-smart\2.3\json-smart-2.3.jar;C:\Users\Bruno Carvalho\.m2\repository\net\minidev\accessors-smart\1.2\accessors-smart-1.2.jar;C:\Users\Bruno Carvalho\.m2\repository\org\ow2\asm\asm\7.0\asm-7.0.jar;C:\Users\Bruno Carvalho\.m2\repository\org\slf4j\slf4j-api\1.7.12\slf4j-api-1.7.12.jar;C:\Users\Bruno Carvalho\.m2\repository\net\sf\jopt-simple\jopt-simple\5.0.3\jopt-simple-5.0.3.jar;C:\Users\Bruno Carvalho\.m2\repository\org\apache\commons\commons-lang3\3.7\commons-lang3-3.7.jar;C:\Users\Bruno Carvalho\.m2\repository\com\github\jknack\handlebars\4.2.0\handlebars-4.2.0.jar;C:\Users\Bruno Carvalho\.m2\repository\com\github\jknack\handlebars-helpers\4.2.0\handlebars-helpers-4.2.0.jar;C:\Users\Bruno Carvalho\.m2\repository\com\flipkart\zjsonpatch\zjsonpatch\0.4.4\zjsonpatch-0.4.4.jar;C:\Users\Bruno Carvalho\.m2\repository\commons-fileupload\commons-fileupload\1.4\commons-fileupload-1.4.jar;C:\Users\Bruno Carvalho\.m2\repository\commons-io\commons-io\2.2\commons-io-2.2.jar;C:\Users\Bruno Carvalho\.m2\repository\org\eclipse\jetty\http2\http2-server\9.4.30.v20200611\http2-server-9.4.30.v20200611.jar;C:\Users\Bruno Carvalho\.m2\repository\org\eclipse\jetty\http2\http2-common\9.4.30.v20200611\http2-common-9.4.30.v20200611.jar;C:\Users\Bruno Carvalho\.m2\repository\org\eclipse\jetty\http2\http2-hpack\9.4.30.v20200611\http2-hpack-9.4.30.v20200611.jar;C:\Users\Bruno Carvalho\.m2\repository\org\eclipse\jetty\jetty-alpn-server\9.4.30.v20200611\jetty-alpn-server-9.4.30.v20200611.jar;C:\Users\Bruno Carvalho\.m2\repository\org\eclipse\jetty\jetty-alpn-conscrypt-server\9.4.30.v20200611\jetty-alpn-conscrypt-server-9.4.30.v20200611.jar;C:\Users\Bruno Carvalho\.m2\repository\org\eclipse\jetty\jetty-alpn-conscrypt-client\9.4.30.v20200611\jetty-alpn-conscrypt-client-9.4.30.v20200611.jar;C:\Users\Bruno Carvalho\.m2\repository\org\eclipse\jetty\jetty-alpn-client\9.4.30.v20200611\jetty-alpn-client-9.4.30.v20200611.jar;C:\Users\Bruno Carvalho\.m2\repository\org\conscrypt\conscrypt-openjdk-uber\2.2.1\conscrypt-openjdk-uber-2.2.1.jar;C:\Users\Bruno Carvalho\.m2\repository\net\javacrumbs\json-unit\json-unit-core\2.12.0\json-unit-core-2.12.0.jar;C:\Users\Bruno Carvalho\.m2\repository\org\opentest4j\opentest4j\1.1.1\opentest4j-1.1.1.jar;C:\Users\Bruno Carvalho\.m2\repository\commons-codec\commons-codec\1.15\commons-codec-1.15.jar;C:\Users\Bruno Carvalho\.m2\repository\junit\junit\4.13.1\junit-4.13.1.jar;C:\Users\Bruno Carvalho\.m2\repository\org\hamcrest\hamcrest-core\1.3\hamcrest-core-1.3.jar;C:\Users\Bruno Carvalho\.m2\repository\io\rest-assured\rest-assured\4.3.1\rest-assured-4.3.1.jar;C:\Users\Bruno Carvalho\.m2\repository\org\codehaus\groovy\groovy\3.0.3\groovy-3.0.3.jar;C:\Users\Bruno Carvalho\.m2\repository\org\codehaus\groovy\groovy-xml\3.0.3\groovy-xml-3.0.3.jar;C:\Users\Bruno Carvalho\.m2\repository\org\apache\httpcomponents\httpmime\4.5.3\httpmime-4.5.3.jar;C:\Users\Bruno Carvalho\.m2\repository\org\hamcrest\hamcrest\2.1\hamcrest-2.1.jar;C:\Users\Bruno Carvalho\.m2\repository\org\ccil\cowan\tagsoup\tagsoup\1.2.1\tagsoup-1.2.1.jar;C:\Users\Bruno Carvalho\.m2\repository\io\rest-assured\json-path\4.3.1\json-path-4.3.1.jar;C:\Users\Bruno Carvalho\.m2\repository\org\codehaus\groovy\groovy-json\3.0.3\groovy-json-3.0.3.jar;C:\Users\Bruno Carvalho\.m2\repository\io\rest-assured\rest-assured-common\4.3.1\rest-assured-common-4.3.1.jar;C:\Users\Bruno Carvalho\.m2\repository\io\rest-assured\xml-path\4.3.1\xml-path-4.3.1.jar;C:\Users\Bruno Carvalho\.m2\repository\jakarta\xml\bind\jakarta.xml.bind-api\2.3.3\jakarta.xml.bind-api-2.3.3.jar;C:\Users\Bruno Carvalho\.m2\repository\jakarta\activation\jakarta.activation-api\1.2.2\jakarta.activation-api-1.2.2.jar;C:\Users\Bruno Carvalho\.m2\repository\com\sun\xml\bind\jaxb-impl\2.3.3\jaxb-impl-2.3.3.jar;"/>
    <property name="sun.cpu.endian" value="little"/>
    <property name="user.home" value="C:\Users\Bruno Carvalho"/>
    <property name="user.language" value="pt"/>
    <property name="java.specification.vendor" value="Oracle Corporation"/>
    <property name="java.version.date" value="2020-04-14"/>
    <property name="java.home" value="C:\Program Files\Java\jdk-14.0.1"/>
    <property name="file.separator" value="\"/>
    <property name="basedir" value="C:\Users\Bruno Carvalho\eclipse-workspace\wiremock"/>
    <property name="java.vm.compressedOopsMode" value="32-bit"/>
    <property name="line.separator" value="&#10;"/>
    <property name="java.vm.specification.vendor" value="Oracle Corporation"/>
    <property name="java.specification.name" value="Java Platform API Specification"/>
    <property name="surefire.real.class.path" value="C:\Users\BRUNOC~1\AppData\Local\Temp\surefire504216878043554741\surefirebooter5616173447244515197.jar"/>
    <property name="user.script" value=""/>
    <property name="sun.management.compiler" value="HotSpot 64-Bit Tiered Compilers"/>
    <property name="java.runtime.version" value="14.0.1+7"/>
    <property name="user.name" value="Bruno Carvalho"/>
    <property name="path.separator" value=";"/>
    <property name="os.version" value="10.0"/>
    <property name="java.runtime.name" value="Java(TM) SE Runtime Environment"/>
    <property name="org.eclipse.jetty.server.HttpChannelState.DEFAULT_TIMEOUT" value="300000"/>
    <property name="file.encoding" value="Cp1252"/>
    <property name="java.vm.name" value="Java HotSpot(TM) 64-Bit Server VM"/>
    <property name="localRepository" value="C:\Users\Bruno Carvalho\.m2\repository"/>
    <property name="javax.xml.xpath.XPathFactory:http://java.sun.com/jaxp/xpath/dom" value="com.sun.org.apache.xpath.internal.jaxp.XPathFactoryImpl"/>
    <property name="java.vendor.url.bug" value="https://bugreport.java.com/bugreport/"/>
    <property name="jetty.git.hash" value="271836e4c1f4612f12b7bb13ef5a92a927634b0d"/>
    <property name="java.io.tmpdir" value="C:\Users\BRUNOC~1\AppData\Local\Temp\"/>
    <property name="java.version" value="14.0.1"/>
    <property name="user.dir" value="C:\Users\Bruno Carvalho\eclipse-workspace\wiremock"/>
    <property name="os.arch" value="amd64"/>
    <property name="java.vm.specification.name" value="Java Virtual Machine Specification"/>
    <property name="sun.os.patch.level" value=""/>
    <property name="java.library.path" value="C:\Program Files\Java\jdk-14.0.1\bin;C:\WINDOWS\Sun\Java\bin;C:\WINDOWS\system32;C:\WINDOWS;C:/Program Files/Java/jdk-14.0.1/bin/server;C:/Program Files/Java/jdk-14.0.1/bin;C:\Python38\Scripts\;C:\Python38\;C:\WINDOWS\system32;C:\WINDOWS;C:\WINDOWS\System32\Wbem;C:\WINDOWS\System32\WindowsPowerShell\v1.0\;C:\WINDOWS\System32\OpenSSH\;C:\ProgramData\chocolatey\bin;C:\Program Files\dotnet\;C:\Program Files\Microsoft SQL Server\130\Tools\Binn\;C:\Program Files\Microsoft VS Code\bin;C:\Go\bin;C:\Program Files\Microsoft SQL Server\Client SDK\ODBC\170\Tools\Binn\;C:\Program Files\nodejs\;C:\Program Files\erl10.5\bin;C:\Program Files (x86)\Elixir\bin;C:\WINDOWS\system32\config\systemprofile\.mix\escripts;C:\Program Files\Amazon\AWSCLIV2\;C:\kafka\bin\windows;C:\Program Files\Microsoft SQL Server\Client SDK\ODBC\130\Tools\Binn\;C:\Program Files (x86)\Microsoft SQL Server\140\Tools\Binn\;C:\Program Files\Microsoft SQL Server\140\Tools\Binn\;C:\Program Files\Microsoft SQL Server\140\DTS\Binn\;C:\Program Files (x86)\Microsoft SQL Server\150\DTS\Binn\;C:\Program Files\Git\cmd;C:\Ruby25-x64\bin;C:\Users\Bruno Carvalho\.cargo\bin;C:\Program Files\MySQL\MySQL Shell 8.0\bin\;C:\Users\Bruno Carvalho\Documents\cmder\vendor\conemu-maximus5\ConEmu\Scripts;C:\Users\Bruno Carvalho\Documents\cmder\vendor\conemu-maximus5;C:\Users\Bruno Carvalho\Documents\cmder\vendor\conemu-maximus5\ConEmu;C:\Program Files (x86)\Common Files\Oracle\Java\javapath;C:\Windows\system32;C:\Windows;C:\Windows\System32\Wbem;C:\Windows\System32\WindowsPowerShell\v1.0\;C:\Windows\System32\OpenSSH\;C:\ProgramData\chocolatey\bin;C:\Program Files\dotnet\;C:\Program Files\Microsoft SQL Server\130\Tools\Binn\;C:\Program Files\Microsoft SQL Server\Client SDK\ODBC\170\Tools\Binn\;C:\Program Files\Git\cmd;C:\Program Files\nodejs\;C:\Program Files\Microsoft VS Code\bin;C:\Go\bin;C:\Users\Bruno Carvalho\AppData\Local\Microsoft\WindowsApps;C:\Users\Bruno Carvalho\go\bin;C:\tools\Cmder;C:\Program Files\Git\mingw64\bin;C:\Program Files\Git\usr\bin;C:\Users\Bruno Carvalho\Documents\cmder\vendor\bin;C:\Users\Bruno Carvalho\Documents\cmder\bin;C:\Users\Bruno Ca;C:\Users\Bruno Carvalho\.dotnet\tools;C:\Program Files\JetBrains\IntelliJ IDEA Educational Edition 2019.3.1\bin;;C:\Users\Bruno Carvalho\AppData\Local\Android\Sdk\tools;C:\Users\Bruno Carvalho\AppData\Local\Android\Sdk\platform-tools;C:\Users\Bruno Carvalho\AppData\Local\Android\Sdk\emulator;C:\Users\Bruno Carvalho\AppData\Local\Microsoft\WindowsApps;C:\Program Files\Java\jdk-14.0.1\bin;C:\apache-maven\bin;C:\Users\Bruno Carvalho\AppData\Roaming\npm;C:\src\flutter\bin;C:\Program Files\Docker Toolbox;C:\Users\Bruno Carvalho\OneDrive\Área de Trabalho;;."/>
    <property name="java.vm.info" value="mixed mode, sharing"/>
    <property name="java.vendor" value="Oracle Corporation"/>
    <property name="java.vm.version" value="14.0.1+7"/>
    <property name="sun.io.unicode.encoding" value="UnicodeLittle"/>
    <property name="javax.xml.transform.TransformerFactory" value="com.sun.org.apache.xalan.internal.xsltc.trax.TransformerFactoryImpl"/>
    <property name="java.class.version" value="58.0"/>
  </properties>
  <testcase name="testeNaoAutorizado" classname="br.com.wiremock.teste.TesteWiremockTodosVerbos" time="4.014"/>
  <testcase name="testeDeletar" classname="br.com.wiremock.teste.TesteWiremockTodosVerbos" time="0.862">
    <error message="java.lang.RuntimeException: java.io.IOException: Failed to bind to /0.0.0.0:8091" type="com.github.tomakehurst.wiremock.common.FatalStartupException">com.github.tomakehurst.wiremock.common.FatalStartupException: java.lang.RuntimeException: java.io.IOException: Failed to bind to /0.0.0.0:8091
Caused by: java.lang.RuntimeException: java.io.IOException: Failed to bind to /0.0.0.0:8091
Caused by: java.io.IOException: Failed to bind to /0.0.0.0:8091
Caused by: java.net.BindException: Address already in use: bind
</error>
  </testcase>
  <testcase name="testeAlterarComStatusSomente" classname="br.com.wiremock.teste.TesteWiremockTodosVerbos" time="0.862">
    <error message="java.lang.RuntimeException: java.io.IOException: Failed to bind to /0.0.0.0:8091" type="com.github.tomakehurst.wiremock.common.FatalStartupException">com.github.tomakehurst.wiremock.common.FatalStartupException: java.lang.RuntimeException: java.io.IOException: Failed to bind to /0.0.0.0:8091
Caused by: java.lang.RuntimeException: java.io.IOException: Failed to bind to /0.0.0.0:8091
Caused by: java.io.IOException: Failed to bind to /0.0.0.0:8091
Caused by: java.net.BindException: Address already in use: bind
</error>
  </testcase>
  <testcase name="testeRedirecionar" classname="br.com.wiremock.teste.TesteWiremockTodosVerbos" time="0.862">
    <error message="java.lang.RuntimeException: java.io.IOException: Failed to bind to /0.0.0.0:8091" type="com.github.tomakehurst.wiremock.common.FatalStartupException">com.github.tomakehurst.wiremock.common.FatalStartupException: java.lang.RuntimeException: java.io.IOException: Failed to bind to /0.0.0.0:8091
Caused by: java.lang.RuntimeException: java.io.IOException: Failed to bind to /0.0.0.0:8091
Caused by: java.io.IOException: Failed to bind to /0.0.0.0:8091
Caused by: java.net.BindException: Address already in use: bind
</error>
  </testcase>
  <testcase name="testeStatusCodePositive" classname="br.com.wiremock.teste.TesteWiremockTodosVerbos" time="0.862">
    <error message="java.lang.RuntimeException: java.io.IOException: Failed to bind to /0.0.0.0:8091" type="com.github.tomakehurst.wiremock.common.FatalStartupException">com.github.tomakehurst.wiremock.common.FatalStartupException: java.lang.RuntimeException: java.io.IOException: Failed to bind to /0.0.0.0:8091
Caused by: java.lang.RuntimeException: java.io.IOException: Failed to bind to /0.0.0.0:8091
Caused by: java.io.IOException: Failed to bind to /0.0.0.0:8091
Caused by: java.net.BindException: Address already in use: bind
</error>
  </testcase>
  <testcase name="testeSucessoBody" classname="br.com.wiremock.teste.TesteWiremockTodosVerbos" time="0.014">
    <error message="java.lang.RuntimeException: java.io.IOException: Failed to bind to /0.0.0.0:8091" type="com.github.tomakehurst.wiremock.common.FatalStartupException">com.github.tomakehurst.wiremock.common.FatalStartupException: java.lang.RuntimeException: java.io.IOException: Failed to bind to /0.0.0.0:8091
Caused by: java.lang.RuntimeException: java.io.IOException: Failed to bind to /0.0.0.0:8091
Caused by: java.io.IOException: Failed to bind to /0.0.0.0:8091
Caused by: java.net.BindException: Address already in use: bind
</error>
  </testcase>
  <testcase name="testeErro500" classname="br.com.wiremock.teste.TesteWiremockTodosVerbos" time="0.014">
    <error message="java.lang.RuntimeException: java.io.IOException: Failed to bind to /0.0.0.0:8091" type="com.github.tomakehurst.wiremock.common.FatalStartupException">com.github.tomakehurst.wiremock.common.FatalStartupException: java.lang.RuntimeException: java.io.IOException: Failed to bind to /0.0.0.0:8091
Caused by: java.lang.RuntimeException: java.io.IOException: Failed to bind to /0.0.0.0:8091
Caused by: java.io.IOException: Failed to bind to /0.0.0.0:8091
Caused by: java.net.BindException: Address already in use: bind
</error>
  </testcase>
</testsuite>